<?xml version="1.0" encoding="UTF-8"?>
<!-- Generated by org.testng.reporters.JUnitReportReporter -->
<testsuite skipped="0" hostname="slizaroy" name="com.training.sanity.tests.LoginTests20" tests="2" failures="0" timestamp="20 Dec 2018 15:03:58 GMT" time="32.744" errors="0">
  <testcase name="validLoginTest" time="20.428" classname="com.training.sanity.tests.LoginTests20"/>
  <testcase name="Test" time="12.316" classname="com.training.sanity.tests.LoginTests20"/>
</testsuite> <!-- com.training.sanity.tests.LoginTests20 -->
