<?xml version="1.0" encoding="UTF-8"?>
<!-- Generated by org.testng.reporters.JUnitReportReporter -->
<testsuite skipped="0" hostname="slizaroy" name="com.training.sanity.tests.LoginTests2rec17" tests="1" failures="0" timestamp="19 Dec 2018 11:53:27 GMT" time="46.014" errors="0">
  <testcase name="validLoginTest" time="46.014" classname="com.training.sanity.tests.LoginTests2rec17"/>
</testsuite> <!-- com.training.sanity.tests.LoginTests2rec17 -->
