<?xml version="1.0" encoding="UTF-8"?>
<!-- Generated by org.testng.reporters.JUnitReportReporter -->
<testsuite skipped="0" hostname="slizaroy" name="com.training.sanity.tests.LoginTests19" tests="1" failures="0" timestamp="19 Dec 2018 14:58:23 GMT" time="33.001" errors="0">
  <testcase name="validLoginTest" time="33.001" classname="com.training.sanity.tests.LoginTests19"/>
</testsuite> <!-- com.training.sanity.tests.LoginTests19 -->
