<?xml version="1.0" encoding="UTF-8"?>
<!-- Generated by org.testng.reporters.JUnitReportReporter -->
<testsuite skipped="0" hostname="slizaroy" name="com.training.sanity.tests.logintest52" tests="2" failures="0" timestamp="31 Dec 2018 09:06:52 GMT" time="22.172" errors="0">
  <testcase name="validLoginTest" time="8.031" classname="com.training.sanity.tests.logintest52"/>
  <testcase name="Test" time="14.141" classname="com.training.sanity.tests.logintest52"/>
</testsuite> <!-- com.training.sanity.tests.logintest52 -->
