<?xml version="1.0" encoding="UTF-8"?>
<!-- Generated by org.testng.reporters.JUnitReportReporter -->
<testsuite skipped="0" hostname="slizaroy" name="com.training.sanity.tests.logintest46" tests="2" failures="0" timestamp="31 Dec 2018 08:59:46 GMT" time="20.233" errors="0">
  <testcase name="validLoginTest" time="6.488" classname="com.training.sanity.tests.logintest46"/>
  <testcase name="Test" time="13.745" classname="com.training.sanity.tests.logintest46"/>
</testsuite> <!-- com.training.sanity.tests.logintest46 -->
