<?xml version="1.0" encoding="UTF-8"?>
<!-- Generated by org.testng.reporters.JUnitReportReporter -->
<testsuite skipped="0" hostname="slizaroy" name="com.training.sanity.tests.LoginTests2rec40" tests="2" failures="0" timestamp="03 Jan 2019 06:44:24 GMT" time="43.011" errors="0">
  <testcase name="validLoginTest" time="8.276" classname="com.training.sanity.tests.LoginTests2rec40"/>
  <testcase name="Test" time="34.735" classname="com.training.sanity.tests.LoginTests2rec40"/>
</testsuite> <!-- com.training.sanity.tests.LoginTests2rec40 -->
