<?xml version="1.0" encoding="UTF-8"?>
<!-- Generated by org.testng.reporters.JUnitReportReporter -->
<testsuite skipped="0" hostname="slizaroy" name="com.training.sanity.tests.LoginTests2rec40" tests="2" failures="0" timestamp="31 Dec 2018 08:56:50 GMT" time="30.230" errors="0">
  <testcase name="validLoginTest" time="7.414" classname="com.training.sanity.tests.LoginTests2rec40"/>
  <testcase name="Test" time="22.816" classname="com.training.sanity.tests.LoginTests2rec40"/>
</testsuite> <!-- com.training.sanity.tests.LoginTests2rec40 -->
