<?xml version="1.0" encoding="UTF-8"?>
<!-- Generated by org.testng.reporters.JUnitReportReporter -->
<testsuite skipped="0" hostname="slizaroy" name="com.training.sanity.tests.testrect76" tests="4" failures="0" timestamp="09 Jan 2019 10:48:57 GMT" time="40.534" errors="0">
  <testcase name="validLoginTest" time="7.559" classname="com.training.sanity.tests.testrect76"/>
  <testcase name="multipleusers" time="12.482" classname="com.training.sanity.tests.testrect76"/>
  <testcase name="multipleusers" time="9.112" classname="com.training.sanity.tests.testrect76"/>
  <testcase name="multipleusers" time="11.381" classname="com.training.sanity.tests.testrect76"/>
</testsuite> <!-- com.training.sanity.tests.testrect76 -->
