<?xml version="1.0" encoding="UTF-8"?>
<!-- Generated by org.testng.reporters.JUnitReportReporter -->
<testsuite skipped="0" hostname="slizaroy" name="com.training.sanity.tests.logintest58" tests="1" failures="0" timestamp="31 Dec 2018 09:27:13 GMT" time="27.857" errors="0">
  <testcase name="Test" time="27.857" classname="com.training.sanity.tests.logintest58"/>
</testsuite> <!-- com.training.sanity.tests.logintest58 -->
