<?xml version="1.0" encoding="UTF-8"?>
<!-- Generated by org.testng.reporters.JUnitReportReporter -->
<testsuite skipped="0" hostname="slizaroy" name="com.training.sanity.tests.LoginTests2rec18" tests="2" failures="0" timestamp="20 Dec 2018 14:25:49 GMT" time="17.733" errors="0">
  <testcase name="validLoginTest" time="10.504" classname="com.training.sanity.tests.LoginTests2rec18"/>
  <testcase name="Test" time="7.229" classname="com.training.sanity.tests.LoginTests2rec18"/>
</testsuite> <!-- com.training.sanity.tests.LoginTests2rec18 -->
