<?xml version="1.0" encoding="UTF-8"?>
<!-- Generated by org.testng.reporters.JUnitReportReporter -->
<testsuite skipped="0" hostname="slizaroy" name="com.training.sanity.tests.LoginTests2rec17" tests="2" failures="0" timestamp="27 Dec 2018 14:42:18 GMT" time="25.343" errors="0">
  <testcase name="validLoginTest" time="8.263" classname="com.training.sanity.tests.LoginTests2rec17"/>
  <testcase name="Test" time="17.080" classname="com.training.sanity.tests.LoginTests2rec17"/>
</testsuite> <!-- com.training.sanity.tests.LoginTests2rec17 -->
