<?xml version="1.0" encoding="UTF-8"?>
<!-- Generated by org.testng.reporters.JUnitReportReporter -->
<testsuite skipped="0" hostname="slizaroy" name="com.training.sanity.tests.testrect80" tests="2" failures="0" timestamp="12 Jan 2019 12:47:43 GMT" time="104.388" errors="0">
  <testcase name="validLoginTest" time="8.088" classname="com.training.sanity.tests.testrect80"/>
  <testcase name="multipleusers" time="96.300" classname="com.training.sanity.tests.testrect80"/>
</testsuite> <!-- com.training.sanity.tests.testrect80 -->
