<?xml version="1.0" encoding="UTF-8"?>
<!-- Generated by org.testng.reporters.JUnitReportReporter -->
<testsuite skipped="0" hostname="slizaroy" name="com.training.sanity.tests.logintest46" tests="2" failures="0" timestamp="03 Jan 2019 06:28:47 GMT" time="27.176" errors="0">
  <testcase name="validLoginTest" time="8.421" classname="com.training.sanity.tests.logintest46"/>
  <testcase name="Test" time="18.755" classname="com.training.sanity.tests.logintest46"/>
</testsuite> <!-- com.training.sanity.tests.logintest46 -->
