<?xml version="1.0" encoding="UTF-8"?>
<!-- Generated by org.testng.reporters.JUnitReportReporter -->
<testsuite skipped="0" hostname="slizaroy" name="com.training.sanity.tests.logintest46" tests="2" failures="0" timestamp="27 Dec 2018 16:15:17 GMT" time="36.440" errors="0">
  <testcase name="validLoginTest" time="10.638" classname="com.training.sanity.tests.logintest46"/>
  <testcase name="Test" time="25.802" classname="com.training.sanity.tests.logintest46"/>
</testsuite> <!-- com.training.sanity.tests.logintest46 -->
