<?xml version="1.0" encoding="UTF-8"?>
<!-- Generated by org.testng.reporters.JUnitReportReporter -->
<testsuite skipped="0" hostname="slizaroy" name="com.training.sanity.tests.LoginTests2rec40" tests="2" failures="0" timestamp="27 Dec 2018 15:26:23 GMT" time="44.133" errors="0">
  <testcase name="validLoginTest" time="13.767" classname="com.training.sanity.tests.LoginTests2rec40"/>
  <testcase name="Test" time="30.366" classname="com.training.sanity.tests.LoginTests2rec40"/>
</testsuite> <!-- com.training.sanity.tests.LoginTests2rec40 -->
