<?xml version="1.0" encoding="UTF-8"?>
<!-- Generated by org.testng.reporters.JUnitReportReporter -->
<testsuite skipped="0" hostname="slizaroy" name="com.training.sanity.tests.testrect79" tests="4" failures="0" timestamp="11 Jan 2019 07:21:38 GMT" time="46.600" errors="0">
  <testcase name="validLoginTest" time="8.966" classname="com.training.sanity.tests.testrect79"/>
  <testcase name="multiplefeatures" time="13.317" classname="com.training.sanity.tests.testrect79"/>
  <testcase name="multiplefeatures" time="13.010" classname="com.training.sanity.tests.testrect79"/>
  <testcase name="multiplefeatures" time="11.307" classname="com.training.sanity.tests.testrect79"/>
</testsuite> <!-- com.training.sanity.tests.testrect79 -->
