<?xml version="1.0" encoding="UTF-8"?>
<!-- Generated by org.testng.reporters.JUnitReportReporter -->
<testsuite skipped="0" hostname="slizaroy" name="com.training.sanity.tests.testrect78" tests="3" failures="0" timestamp="09 Jan 2019 15:59:19 GMT" time="84.443" errors="0">
  <testcase name="validLoginTest" time="7.906" classname="com.training.sanity.tests.testrect78"/>
  <testcase name="invalid" time="12.378" classname="com.training.sanity.tests.testrect78"/>
  <testcase name="invalid" time="64.159" classname="com.training.sanity.tests.testrect78"/>
</testsuite> <!-- com.training.sanity.tests.testrect78 -->
