<?xml version="1.0" encoding="UTF-8"?>
<!-- Generated by org.testng.reporters.JUnitReportReporter -->
<testsuite skipped="0" hostname="slizaroy" name="com.training.sanity.tests.logintest34" tests="2" failures="0" timestamp="29 Dec 2018 19:32:44 GMT" time="14.256" errors="0">
  <testcase name="validLoginTest" time="4.068" classname="com.training.sanity.tests.logintest34"/>
  <testcase name="Test" time="10.188" classname="com.training.sanity.tests.logintest34"/>
</testsuite> <!-- com.training.sanity.tests.logintest34 -->
