<?xml version="1.0" encoding="UTF-8"?>
<!-- Generated by org.testng.reporters.JUnitReportReporter -->
<testsuite skipped="0" hostname="slizaroy" name="com.training.sanity.tests.logintest52" tests="2" failures="0" timestamp="27 Dec 2018 17:26:57 GMT" time="18.541" errors="0">
  <testcase name="validLoginTest" time="6.174" classname="com.training.sanity.tests.logintest52"/>
  <testcase name="Test" time="12.367" classname="com.training.sanity.tests.logintest52"/>
</testsuite> <!-- com.training.sanity.tests.logintest52 -->
