<?xml version="1.0" encoding="UTF-8"?>
<!-- Generated by org.testng.reporters.JUnitReportReporter -->
<testsuite skipped="0" hostname="slizaroy" name="com.training.sanity.tests.LoginTests20" tests="2" failures="0" timestamp="24 Dec 2018 04:35:06 GMT" time="12.809" errors="0">
  <testcase name="validLoginTest" time="5.305" classname="com.training.sanity.tests.LoginTests20"/>
  <testcase name="Test" time="7.504" classname="com.training.sanity.tests.LoginTests20"/>
</testsuite> <!-- com.training.sanity.tests.LoginTests20 -->
