<?xml version="1.0" encoding="UTF-8"?>
<!-- Generated by org.testng.reporters.JUnitReportReporter -->
<testsuite skipped="0" hostname="slizaroy" name="com.training.sanity.tests.LoginTests2rec40" tests="2" failures="0" timestamp="09 Jan 2019 05:07:44 GMT" time="28.611" errors="0">
  <testcase name="validLoginTest" time="6.490" classname="com.training.sanity.tests.LoginTests2rec40"/>
  <testcase name="Test" time="22.121" classname="com.training.sanity.tests.LoginTests2rec40"/>
</testsuite> <!-- com.training.sanity.tests.LoginTests2rec40 -->
