<?xml version="1.0" encoding="UTF-8"?>
<!-- Generated by org.testng.reporters.JUnitReportReporter -->
<testsuite skipped="0" hostname="slizaroy" name="com.training.sanity.tests.logintest34" tests="2" failures="0" timestamp="31 Dec 2018 08:24:26 GMT" time="17.693" errors="0">
  <testcase name="validLoginTest" time="5.531" classname="com.training.sanity.tests.logintest34"/>
  <testcase name="Test" time="12.162" classname="com.training.sanity.tests.logintest34"/>
</testsuite> <!-- com.training.sanity.tests.logintest34 -->
