<?xml version="1.0" encoding="UTF-8"?>
<!-- Generated by org.testng.reporters.JUnitReportReporter -->
<testsuite skipped="0" hostname="slizaroy" name="com.training.sanity.tests.testrect77" tests="2" failures="0" timestamp="11 Jan 2019 12:22:51 GMT" time="22.697" errors="0">
  <testcase name="validLoginTest" time="7.843" classname="com.training.sanity.tests.testrect77"/>
  <testcase name="dbTest" time="14.854" classname="com.training.sanity.tests.testrect77"/>
</testsuite> <!-- com.training.sanity.tests.testrect77 -->
