<?xml version="1.0" encoding="UTF-8"?>
<!-- Generated by org.testng.reporters.JUnitReportReporter -->
<testsuite skipped="0" hostname="slizaroy" name="com.training.sanity.tests.LoginTests20" tests="1" failures="0" timestamp="19 Dec 2018 14:06:19 GMT" time="42.188" errors="0">
  <testcase name="validLoginTest" time="42.188" classname="com.training.sanity.tests.LoginTests20"/>
</testsuite> <!-- com.training.sanity.tests.LoginTests20 -->
